{"C:\\Users\\FLIPC\\Downloads\\fullstackorg\\react\\part1\\src\\App.jsx": {"path":"C:\\Users\\FLIPC\\Downloads\\fullstackorg\\react\\part1\\src\\App.jsx","all":true,"statementMap":{"0":{"start":{"line":1,"column":0},"end":{"line":1,"column":29}},"528":{"start":{"line":529,"column":0},"end":{"line":529,"column":51}},"529":{"start":{"line":530,"column":0},"end":{"line":530,"column":36}},"530":{"start":{"line":531,"column":0},"end":{"line":531,"column":48}},"531":{"start":{"line":532,"column":0},"end":{"line":532,"column":50}},"532":{"start":{"line":533,"column":0},"end":{"line":533,"column":46}},"533":{"start":{"line":534,"column":0},"end":{"line":534,"column":52}},"534":{"start":{"line":535,"column":0},"end":{"line":535,"column":44}},"535":{"start":{"line":536,"column":0},"end":{"line":536,"column":45}},"536":{"start":{"line":537,"column":0},"end":{"line":537,"column":48}},"538":{"start":{"line":539,"column":0},"end":{"line":539,"column":19}},"539":{"start":{"line":540,"column":0},"end":{"line":540,"column":40}},"540":{"start":{"line":541,"column":0},"end":{"line":541,"column":54}},"541":{"start":{"line":542,"column":0},"end":{"line":542,"column":64}},"542":{"start":{"line":543,"column":0},"end":{"line":543,"column":40}},"544":{"start":{"line":545,"column":0},"end":{"line":545,"column":30}},"546":{"start":{"line":547,"column":0},"end":{"line":547,"column":19}},"547":{"start":{"line":548,"column":0},"end":{"line":548,"column":36}},"548":{"start":{"line":549,"column":0},"end":{"line":549,"column":11}},"549":{"start":{"line":550,"column":0},"end":{"line":550,"column":51}},"550":{"start":{"line":551,"column":0},"end":{"line":551,"column":34}},"551":{"start":{"line":552,"column":0},"end":{"line":552,"column":22}},"552":{"start":{"line":553,"column":0},"end":{"line":553,"column":23}},"553":{"start":{"line":554,"column":0},"end":{"line":554,"column":52}},"554":{"start":{"line":555,"column":0},"end":{"line":555,"column":27}},"555":{"start":{"line":556,"column":0},"end":{"line":556,"column":36}},"556":{"start":{"line":557,"column":0},"end":{"line":557,"column":36}},"557":{"start":{"line":558,"column":0},"end":{"line":558,"column":15}},"558":{"start":{"line":559,"column":0},"end":{"line":559,"column":9}},"559":{"start":{"line":560,"column":0},"end":{"line":560,"column":7}},"560":{"start":{"line":561,"column":0},"end":{"line":561,"column":5}},"562":{"start":{"line":563,"column":0},"end":{"line":563,"column":16}},"563":{"start":{"line":564,"column":0},"end":{"line":564,"column":8}},"565":{"start":{"line":566,"column":0},"end":{"line":566,"column":19}},"566":{"start":{"line":567,"column":0},"end":{"line":567,"column":76}},"567":{"start":{"line":568,"column":0},"end":{"line":568,"column":25}},"568":{"start":{"line":569,"column":0},"end":{"line":569,"column":45}},"569":{"start":{"line":570,"column":0},"end":{"line":570,"column":19}},"570":{"start":{"line":571,"column":0},"end":{"line":571,"column":38}},"571":{"start":{"line":572,"column":0},"end":{"line":572,"column":5}},"572":{"start":{"line":573,"column":0},"end":{"line":573,"column":8}},"574":{"start":{"line":575,"column":0},"end":{"line":575,"column":69}},"575":{"start":{"line":576,"column":0},"end":{"line":576,"column":27}},"576":{"start":{"line":577,"column":0},"end":{"line":577,"column":32}},"577":{"start":{"line":578,"column":0},"end":{"line":578,"column":12}},"578":{"start":{"line":579,"column":0},"end":{"line":579,"column":50}},"579":{"start":{"line":580,"column":0},"end":{"line":580,"column":5}},"580":{"start":{"line":581,"column":0},"end":{"line":581,"column":31}},"581":{"start":{"line":582,"column":0},"end":{"line":582,"column":22}},"582":{"start":{"line":583,"column":0},"end":{"line":583,"column":27}},"583":{"start":{"line":584,"column":0},"end":{"line":584,"column":12}},"584":{"start":{"line":585,"column":0},"end":{"line":585,"column":3}},"586":{"start":{"line":587,"column":0},"end":{"line":587,"column":53}},"587":{"start":{"line":588,"column":0},"end":{"line":588,"column":9}},"588":{"start":{"line":589,"column":0},"end":{"line":589,"column":45}},"589":{"start":{"line":590,"column":0},"end":{"line":590,"column":17}},"590":{"start":{"line":591,"column":0},"end":{"line":591,"column":17}},"591":{"start":{"line":592,"column":0},"end":{"line":592,"column":8}},"592":{"start":{"line":593,"column":0},"end":{"line":593,"column":19}},"593":{"start":{"line":594,"column":0},"end":{"line":594,"column":77}},"594":{"start":{"line":595,"column":0},"end":{"line":595,"column":38}},"595":{"start":{"line":596,"column":0},"end":{"line":596,"column":25}},"596":{"start":{"line":597,"column":0},"end":{"line":597,"column":25}},"597":{"start":{"line":598,"column":0},"end":{"line":598,"column":38}},"598":{"start":{"line":599,"column":0},"end":{"line":599,"column":38}},"599":{"start":{"line":600,"column":0},"end":{"line":600,"column":14}},"600":{"start":{"line":601,"column":0},"end":{"line":601,"column":10}},"601":{"start":{"line":602,"column":0},"end":{"line":602,"column":7}},"602":{"start":{"line":603,"column":0},"end":{"line":603,"column":5}},"603":{"start":{"line":604,"column":0},"end":{"line":604,"column":3}},"605":{"start":{"line":606,"column":0},"end":{"line":606,"column":41}},"606":{"start":{"line":607,"column":0},"end":{"line":607,"column":9}},"607":{"start":{"line":608,"column":0},"end":{"line":608,"column":59}},"608":{"start":{"line":609,"column":0},"end":{"line":609,"column":43}},"609":{"start":{"line":610,"column":0},"end":{"line":610,"column":44}},"610":{"start":{"line":611,"column":0},"end":{"line":611,"column":25}},"611":{"start":{"line":612,"column":0},"end":{"line":612,"column":11}},"612":{"start":{"line":613,"column":0},"end":{"line":613,"column":11}},"613":{"start":{"line":614,"column":0},"end":{"line":614,"column":16}},"614":{"start":{"line":615,"column":0},"end":{"line":615,"column":91}},"615":{"start":{"line":616,"column":0},"end":{"line":616,"column":7}},"616":{"start":{"line":617,"column":0},"end":{"line":617,"column":21}},"617":{"start":{"line":618,"column":0},"end":{"line":618,"column":25}},"618":{"start":{"line":619,"column":0},"end":{"line":619,"column":34}},"619":{"start":{"line":620,"column":0},"end":{"line":620,"column":34}},"620":{"start":{"line":621,"column":0},"end":{"line":621,"column":14}},"621":{"start":{"line":622,"column":0},"end":{"line":622,"column":10}},"622":{"start":{"line":623,"column":0},"end":{"line":623,"column":7}},"623":{"start":{"line":624,"column":0},"end":{"line":624,"column":5}},"624":{"start":{"line":625,"column":0},"end":{"line":625,"column":3}},"626":{"start":{"line":627,"column":0},"end":{"line":627,"column":48}},"627":{"start":{"line":628,"column":0},"end":{"line":628,"column":9}},"628":{"start":{"line":629,"column":0},"end":{"line":629,"column":63}},"629":{"start":{"line":630,"column":0},"end":{"line":630,"column":15}},"630":{"start":{"line":631,"column":0},"end":{"line":631,"column":18}},"631":{"start":{"line":632,"column":0},"end":{"line":632,"column":19}},"632":{"start":{"line":633,"column":0},"end":{"line":633,"column":40}},"633":{"start":{"line":634,"column":0},"end":{"line":634,"column":17}},"634":{"start":{"line":635,"column":0},"end":{"line":635,"column":35}},"635":{"start":{"line":636,"column":0},"end":{"line":636,"column":25}},"636":{"start":{"line":637,"column":0},"end":{"line":637,"column":43}},"637":{"start":{"line":638,"column":0},"end":{"line":638,"column":41}},"638":{"start":{"line":639,"column":0},"end":{"line":639,"column":49}},"639":{"start":{"line":640,"column":0},"end":{"line":640,"column":116}},"641":{"start":{"line":642,"column":0},"end":{"line":642,"column":53}},"642":{"start":{"line":643,"column":0},"end":{"line":643,"column":56}},"643":{"start":{"line":644,"column":0},"end":{"line":644,"column":9}},"644":{"start":{"line":645,"column":0},"end":{"line":645,"column":7}},"646":{"start":{"line":647,"column":0},"end":{"line":647,"column":25}},"647":{"start":{"line":648,"column":0},"end":{"line":648,"column":11}},"648":{"start":{"line":649,"column":0},"end":{"line":649,"column":11}},"649":{"start":{"line":650,"column":0},"end":{"line":650,"column":16}},"650":{"start":{"line":651,"column":0},"end":{"line":651,"column":75}},"651":{"start":{"line":652,"column":0},"end":{"line":652,"column":7}},"652":{"start":{"line":653,"column":0},"end":{"line":653,"column":21}},"653":{"start":{"line":654,"column":0},"end":{"line":654,"column":25}},"654":{"start":{"line":655,"column":0},"end":{"line":655,"column":34}},"655":{"start":{"line":656,"column":0},"end":{"line":656,"column":34}},"656":{"start":{"line":657,"column":0},"end":{"line":657,"column":14}},"657":{"start":{"line":658,"column":0},"end":{"line":658,"column":10}},"658":{"start":{"line":659,"column":0},"end":{"line":659,"column":7}},"659":{"start":{"line":660,"column":0},"end":{"line":660,"column":5}},"660":{"start":{"line":661,"column":0},"end":{"line":661,"column":3}},"662":{"start":{"line":663,"column":0},"end":{"line":663,"column":54}},"663":{"start":{"line":664,"column":0},"end":{"line":664,"column":9}},"664":{"start":{"line":665,"column":0},"end":{"line":665,"column":51}},"665":{"start":{"line":666,"column":0},"end":{"line":666,"column":80}},"666":{"start":{"line":667,"column":0},"end":{"line":667,"column":30}},"667":{"start":{"line":668,"column":0},"end":{"line":668,"column":21}},"668":{"start":{"line":669,"column":0},"end":{"line":669,"column":25}},"669":{"start":{"line":670,"column":0},"end":{"line":670,"column":34}},"670":{"start":{"line":671,"column":0},"end":{"line":671,"column":34}},"671":{"start":{"line":672,"column":0},"end":{"line":672,"column":14}},"672":{"start":{"line":673,"column":0},"end":{"line":673,"column":10}},"673":{"start":{"line":674,"column":0},"end":{"line":674,"column":7}},"674":{"start":{"line":675,"column":0},"end":{"line":675,"column":5}},"675":{"start":{"line":676,"column":0},"end":{"line":676,"column":3}},"677":{"start":{"line":678,"column":0},"end":{"line":678,"column":39}},"678":{"start":{"line":679,"column":0},"end":{"line":679,"column":19}},"679":{"start":{"line":680,"column":0},"end":{"line":680,"column":26}},"680":{"start":{"line":681,"column":0},"end":{"line":681,"column":59}},"681":{"start":{"line":682,"column":0},"end":{"line":682,"column":12}},"682":{"start":{"line":683,"column":0},"end":{"line":683,"column":59}},"683":{"start":{"line":684,"column":0},"end":{"line":684,"column":5}},"684":{"start":{"line":685,"column":0},"end":{"line":685,"column":20}},"685":{"start":{"line":686,"column":0},"end":{"line":686,"column":3}},"687":{"start":{"line":688,"column":0},"end":{"line":688,"column":27}},"688":{"start":{"line":689,"column":0},"end":{"line":689,"column":12}},"689":{"start":{"line":690,"column":0},"end":{"line":690,"column":37}},"690":{"start":{"line":691,"column":0},"end":{"line":691,"column":47}},"691":{"start":{"line":692,"column":0},"end":{"line":692,"column":18}},"693":{"start":{"line":694,"column":0},"end":{"line":694,"column":3}},"695":{"start":{"line":696,"column":0},"end":{"line":696,"column":29}},"696":{"start":{"line":697,"column":0},"end":{"line":697,"column":56}},"697":{"start":{"line":698,"column":0},"end":{"line":698,"column":39}},"698":{"start":{"line":699,"column":0},"end":{"line":699,"column":16}},"701":{"start":{"line":702,"column":0},"end":{"line":702,"column":33}},"702":{"start":{"line":703,"column":0},"end":{"line":703,"column":17}},"703":{"start":{"line":704,"column":0},"end":{"line":704,"column":56}},"704":{"start":{"line":705,"column":0},"end":{"line":705,"column":3}},"706":{"start":{"line":707,"column":0},"end":{"line":707,"column":80}},"708":{"start":{"line":709,"column":0},"end":{"line":709,"column":10}},"709":{"start":{"line":710,"column":0},"end":{"line":710,"column":9}},"710":{"start":{"line":711,"column":0},"end":{"line":711,"column":20}},"711":{"start":{"line":712,"column":0},"end":{"line":712,"column":78}},"712":{"start":{"line":713,"column":0},"end":{"line":713,"column":53}},"713":{"start":{"line":714,"column":0},"end":{"line":714,"column":52}},"714":{"start":{"line":715,"column":0},"end":{"line":715,"column":38}},"716":{"start":{"line":717,"column":0},"end":{"line":717,"column":65}},"717":{"start":{"line":718,"column":0},"end":{"line":718,"column":46}},"719":{"start":{"line":720,"column":0},"end":{"line":720,"column":23}},"720":{"start":{"line":721,"column":0},"end":{"line":721,"column":31}},"721":{"start":{"line":722,"column":0},"end":{"line":722,"column":23}},"722":{"start":{"line":723,"column":0},"end":{"line":723,"column":29}},"723":{"start":{"line":724,"column":0},"end":{"line":724,"column":15}},"724":{"start":{"line":725,"column":0},"end":{"line":725,"column":25}},"725":{"start":{"line":726,"column":0},"end":{"line":726,"column":23}},"726":{"start":{"line":727,"column":0},"end":{"line":727,"column":35}},"727":{"start":{"line":728,"column":0},"end":{"line":728,"column":51}},"728":{"start":{"line":729,"column":0},"end":{"line":729,"column":23}},"729":{"start":{"line":730,"column":0},"end":{"line":730,"column":12}},"730":{"start":{"line":731,"column":0},"end":{"line":731,"column":11}},"731":{"start":{"line":732,"column":0},"end":{"line":732,"column":10}},"733":{"start":{"line":734,"column":0},"end":{"line":734,"column":1}},"735":{"start":{"line":736,"column":0},"end":{"line":736,"column":18}}},"s":{"0":0,"528":0,"529":0,"530":0,"531":0,"532":0,"533":0,"534":0,"535":0,"536":0,"538":0,"539":0,"540":0,"541":0,"542":0,"544":0,"546":0,"547":0,"548":0,"549":0,"550":0,"551":0,"552":0,"553":0,"554":0,"555":0,"556":0,"557":0,"558":0,"559":0,"560":0,"562":0,"563":0,"565":0,"566":0,"567":0,"568":0,"569":0,"570":0,"571":0,"572":0,"574":0,"575":0,"576":0,"577":0,"578":0,"579":0,"580":0,"581":0,"582":0,"583":0,"584":0,"586":0,"587":0,"588":0,"589":0,"590":0,"591":0,"592":0,"593":0,"594":0,"595":0,"596":0,"597":0,"598":0,"599":0,"600":0,"601":0,"602":0,"603":0,"605":0,"606":0,"607":0,"608":0,"609":0,"610":0,"611":0,"612":0,"613":0,"614":0,"615":0,"616":0,"617":0,"618":0,"619":0,"620":0,"621":0,"622":0,"623":0,"624":0,"626":0,"627":0,"628":0,"629":0,"630":0,"631":0,"632":0,"633":0,"634":0,"635":0,"636":0,"637":0,"638":0,"639":0,"641":0,"642":0,"643":0,"644":0,"646":0,"647":0,"648":0,"649":0,"650":0,"651":0,"652":0,"653":0,"654":0,"655":0,"656":0,"657":0,"658":0,"659":0,"660":0,"662":0,"663":0,"664":0,"665":0,"666":0,"667":0,"668":0,"669":0,"670":0,"671":0,"672":0,"673":0,"674":0,"675":0,"677":0,"678":0,"679":0,"680":0,"681":0,"682":0,"683":0,"684":0,"685":0,"687":0,"688":0,"689":0,"690":0,"691":0,"693":0,"695":0,"696":0,"697":0,"698":0,"701":0,"702":0,"703":0,"704":0,"706":0,"708":0,"709":0,"710":0,"711":0,"712":0,"713":0,"714":0,"716":0,"717":0,"719":0,"720":0,"721":0,"722":0,"723":0,"724":0,"725":0,"726":0,"727":0,"728":0,"729":0,"730":0,"731":0,"733":0,"735":0},"branchMap":{"0":{"type":"branch","line":1,"loc":{"start":{"line":1,"column":24056},"end":{"line":852,"column":21}},"locations":[{"start":{"line":1,"column":24056},"end":{"line":852,"column":21}}]}},"b":{"0":[0]},"fnMap":{"0":{"name":"(empty-report)","decl":{"start":{"line":1,"column":24056},"end":{"line":852,"column":21}},"loc":{"start":{"line":1,"column":24056},"end":{"line":852,"column":21}},"line":1}},"f":{"0":0}}
,"C:\\Users\\FLIPC\\Downloads\\fullstackorg\\react\\part1\\src\\main.jsx": {"path":"C:\\Users\\FLIPC\\Downloads\\fullstackorg\\react\\part1\\src\\main.jsx","all":true,"statementMap":{"0":{"start":{"line":1,"column":0},"end":{"line":1,"column":39}},"2":{"start":{"line":3,"column":0},"end":{"line":3,"column":23}},"4":{"start":{"line":5,"column":0},"end":{"line":5,"column":68}}},"s":{"0":0,"2":0,"4":0},"branchMap":{"0":{"type":"branch","line":1,"loc":{"start":{"line":1,"column":134},"end":{"line":5,"column":68}},"locations":[{"start":{"line":1,"column":134},"end":{"line":5,"column":68}}]}},"b":{"0":[0]},"fnMap":{"0":{"name":"(empty-report)","decl":{"start":{"line":1,"column":134},"end":{"line":5,"column":68}},"loc":{"start":{"line":1,"column":134},"end":{"line":5,"column":68}},"line":1}},"f":{"0":0}}
,"C:\\Users\\FLIPC\\Downloads\\fullstackorg\\react\\part1\\src\\components\\Blog.jsx": {"path":"C:\\Users\\FLIPC\\Downloads\\fullstackorg\\react\\part1\\src\\components\\Blog.jsx","all":false,"statementMap":{"0":{"start":{"line":1,"column":0},"end":{"line":1,"column":65}},"1":{"start":{"line":2,"column":0},"end":{"line":2,"column":34}},"3":{"start":{"line":4,"column":0},"end":{"line":4,"column":66}},"4":{"start":{"line":5,"column":0},"end":{"line":5,"column":47}},"5":{"start":{"line":6,"column":0},"end":{"line":6,"column":48}},"7":{"start":{"line":8,"column":0},"end":{"line":8,"column":60}},"8":{"start":{"line":9,"column":0},"end":{"line":9,"column":47}},"10":{"start":{"line":11,"column":0},"end":{"line":11,"column":60}},"13":{"start":{"line":14,"column":0},"end":{"line":14,"column":204}},"15":{"start":{"line":16,"column":0},"end":{"line":16,"column":20}},"16":{"start":{"line":17,"column":0},"end":{"line":17,"column":38}},"17":{"start":{"line":18,"column":0},"end":{"line":18,"column":42}},"18":{"start":{"line":19,"column":0},"end":{"line":19,"column":50}},"19":{"start":{"line":20,"column":0},"end":{"line":20,"column":38}},"20":{"start":{"line":21,"column":0},"end":{"line":21,"column":3}},"22":{"start":{"line":23,"column":0},"end":{"line":23,"column":34}},"23":{"start":{"line":24,"column":0},"end":{"line":24,"column":24}},"24":{"start":{"line":25,"column":0},"end":{"line":25,"column":3}},"26":{"start":{"line":27,"column":0},"end":{"line":27,"column":35}},"27":{"start":{"line":28,"column":0},"end":{"line":28,"column":73}},"28":{"start":{"line":29,"column":0},"end":{"line":29,"column":30}},"29":{"start":{"line":30,"column":0},"end":{"line":30,"column":5}},"30":{"start":{"line":31,"column":0},"end":{"line":31,"column":3}},"32":{"start":{"line":33,"column":0},"end":{"line":33,"column":35}},"33":{"start":{"line":34,"column":0},"end":{"line":34,"column":25}},"34":{"start":{"line":35,"column":0},"end":{"line":35,"column":14}},"35":{"start":{"line":36,"column":0},"end":{"line":36,"column":80}},"36":{"start":{"line":37,"column":0},"end":{"line":37,"column":28}},"37":{"start":{"line":38,"column":0},"end":{"line":38,"column":5}},"39":{"start":{"line":40,"column":0},"end":{"line":40,"column":36}},"40":{"start":{"line":41,"column":0},"end":{"line":41,"column":31}},"41":{"start":{"line":42,"column":0},"end":{"line":42,"column":3}},"43":{"start":{"line":44,"column":0},"end":{"line":44,"column":21}},"44":{"start":{"line":45,"column":0},"end":{"line":45,"column":19}},"45":{"start":{"line":46,"column":0},"end":{"line":46,"column":19}},"46":{"start":{"line":47,"column":0},"end":{"line":47,"column":20}},"47":{"start":{"line":48,"column":0},"end":{"line":48,"column":19}},"48":{"start":{"line":49,"column":0},"end":{"line":49,"column":20}},"49":{"start":{"line":50,"column":0},"end":{"line":50,"column":3}},"51":{"start":{"line":52,"column":0},"end":{"line":52,"column":10}},"52":{"start":{"line":53,"column":0},"end":{"line":53,"column":48}},"53":{"start":{"line":54,"column":0},"end":{"line":54,"column":32}},"54":{"start":{"line":55,"column":0},"end":{"line":55,"column":63}},"55":{"start":{"line":56,"column":0},"end":{"line":56,"column":59}},"56":{"start":{"line":57,"column":0},"end":{"line":57,"column":25}},"57":{"start":{"line":58,"column":0},"end":{"line":58,"column":11}},"58":{"start":{"line":59,"column":0},"end":{"line":59,"column":67}},"59":{"start":{"line":60,"column":0},"end":{"line":60,"column":12}},"61":{"start":{"line":62,"column":0},"end":{"line":62,"column":62}},"62":{"start":{"line":63,"column":0},"end":{"line":63,"column":69}},"63":{"start":{"line":64,"column":0},"end":{"line":64,"column":12}},"64":{"start":{"line":65,"column":0},"end":{"line":65,"column":10}},"66":{"start":{"line":67,"column":0},"end":{"line":67,"column":1}},"68":{"start":{"line":69,"column":0},"end":{"line":69,"column":19}}},"s":{"0":1,"1":1,"3":1,"4":8,"5":8,"7":8,"8":8,"10":8,"13":8,"15":8,"16":8,"17":8,"18":8,"19":8,"20":8,"22":8,"23":2,"24":2,"26":8,"27":0,"28":0,"29":0,"30":0,"32":8,"33":2,"34":2,"35":2,"36":2,"37":2,"39":2,"40":2,"41":2,"43":8,"44":8,"45":8,"46":8,"47":8,"48":8,"49":8,"51":8,"52":8,"53":8,"54":8,"55":8,"56":8,"57":8,"58":8,"59":8,"61":8,"62":8,"63":8,"64":8,"66":8,"68":1},"branchMap":{"0":{"type":"branch","line":4,"loc":{"start":{"line":4,"column":13},"end":{"line":67,"column":1}},"locations":[{"start":{"line":4,"column":13},"end":{"line":67,"column":1}}]},"1":{"type":"branch","line":8,"loc":{"start":{"line":8,"column":37},"end":{"line":8,"column":52}},"locations":[{"start":{"line":8,"column":37},"end":{"line":8,"column":52}}]},"2":{"type":"branch","line":8,"loc":{"start":{"line":8,"column":47},"end":{"line":8,"column":59}},"locations":[{"start":{"line":8,"column":47},"end":{"line":8,"column":59}}]},"3":{"type":"branch","line":9,"loc":{"start":{"line":9,"column":22},"end":{"line":9,"column":41}},"locations":[{"start":{"line":9,"column":22},"end":{"line":9,"column":41}}]},"4":{"type":"branch","line":9,"loc":{"start":{"line":9,"column":32},"end":{"line":9,"column":47}},"locations":[{"start":{"line":9,"column":32},"end":{"line":9,"column":47}}]},"5":{"type":"branch","line":11,"loc":{"start":{"line":11,"column":23},"end":{"line":11,"column":60}},"locations":[{"start":{"line":11,"column":23},"end":{"line":11,"column":60}}]},"6":{"type":"branch","line":14,"loc":{"start":{"line":14,"column":20},"end":{"line":14,"column":39}},"locations":[{"start":{"line":14,"column":20},"end":{"line":14,"column":39}}]},"7":{"type":"branch","line":14,"loc":{"start":{"line":14,"column":31},"end":{"line":14,"column":204}},"locations":[{"start":{"line":14,"column":31},"end":{"line":14,"column":204}}]},"8":{"type":"branch","line":62,"loc":{"start":{"line":62,"column":9},"end":{"line":62,"column":38}},"locations":[{"start":{"line":62,"column":9},"end":{"line":62,"column":38}}]},"9":{"type":"branch","line":62,"loc":{"start":{"line":62,"column":30},"end":{"line":62,"column":62}},"locations":[{"start":{"line":62,"column":30},"end":{"line":62,"column":62}}]},"10":{"type":"branch","line":63,"loc":{"start":{"line":63,"column":9},"end":{"line":63,"column":69}},"locations":[{"start":{"line":63,"column":9},"end":{"line":63,"column":69}}]},"11":{"type":"branch","line":23,"loc":{"start":{"line":23,"column":27},"end":{"line":25,"column":3}},"locations":[{"start":{"line":23,"column":27},"end":{"line":25,"column":3}}]},"12":{"type":"branch","line":33,"loc":{"start":{"line":33,"column":23},"end":{"line":42,"column":3}},"locations":[{"start":{"line":33,"column":23},"end":{"line":42,"column":3}}]},"13":{"type":"branch","line":36,"loc":{"start":{"line":36,"column":22},"end":{"line":36,"column":80}},"locations":[{"start":{"line":36,"column":22},"end":{"line":36,"column":80}}]}},"b":{"0":[8],"1":[4],"2":[3],"3":[4],"4":[3],"5":[7],"6":[7],"7":[7],"8":[7],"9":[7],"10":[7],"11":[2],"12":[2],"13":[0]},"fnMap":{"0":{"name":"Blog","decl":{"start":{"line":4,"column":13},"end":{"line":67,"column":1}},"loc":{"start":{"line":4,"column":13},"end":{"line":67,"column":1}},"line":4},"1":{"name":"toggleVisibility","decl":{"start":{"line":23,"column":27},"end":{"line":25,"column":3}},"loc":{"start":{"line":23,"column":27},"end":{"line":25,"column":3}},"line":23},"2":{"name":"handleDelete","decl":{"start":{"line":27,"column":23},"end":{"line":31,"column":3}},"loc":{"start":{"line":27,"column":23},"end":{"line":31,"column":3}},"line":27},"3":{"name":"likeThisBlog","decl":{"start":{"line":33,"column":23},"end":{"line":42,"column":3}},"loc":{"start":{"line":33,"column":23},"end":{"line":42,"column":3}},"line":33}},"f":{"0":8,"1":2,"2":0,"3":2}}
,"C:\\Users\\FLIPC\\Downloads\\fullstackorg\\react\\part1\\src\\components\\BlogForm.jsx": {"path":"C:\\Users\\FLIPC\\Downloads\\fullstackorg\\react\\part1\\src\\components\\BlogForm.jsx","all":false,"statementMap":{"0":{"start":{"line":1,"column":0},"end":{"line":1,"column":32}},"3":{"start":{"line":4,"column":0},"end":{"line":4,"column":50}},"4":{"start":{"line":5,"column":0},"end":{"line":5,"column":40}},"5":{"start":{"line":6,"column":0},"end":{"line":6,"column":42}},"6":{"start":{"line":7,"column":0},"end":{"line":7,"column":36}},"8":{"start":{"line":9,"column":0},"end":{"line":9,"column":24}},"9":{"start":{"line":10,"column":0},"end":{"line":10,"column":42}},"10":{"start":{"line":11,"column":0},"end":{"line":11,"column":3}},"12":{"start":{"line":13,"column":0},"end":{"line":13,"column":30}},"13":{"start":{"line":14,"column":0},"end":{"line":14,"column":26}},"14":{"start":{"line":15,"column":0},"end":{"line":15,"column":68}},"15":{"start":{"line":16,"column":0},"end":{"line":16,"column":16}},"16":{"start":{"line":17,"column":0},"end":{"line":17,"column":17}},"17":{"start":{"line":18,"column":0},"end":{"line":18,"column":14}},"18":{"start":{"line":19,"column":0},"end":{"line":19,"column":3}},"20":{"start":{"line":21,"column":0},"end":{"line":21,"column":10}},"21":{"start":{"line":22,"column":0},"end":{"line":22,"column":6}},"22":{"start":{"line":23,"column":0},"end":{"line":23,"column":22}},"23":{"start":{"line":24,"column":0},"end":{"line":24,"column":31}},"24":{"start":{"line":25,"column":0},"end":{"line":25,"column":13}},"25":{"start":{"line":26,"column":0},"end":{"line":26,"column":21}},"26":{"start":{"line":27,"column":0},"end":{"line":27,"column":16}},"27":{"start":{"line":28,"column":0},"end":{"line":28,"column":25}},"28":{"start":{"line":29,"column":0},"end":{"line":29,"column":61}},"29":{"start":{"line":30,"column":0},"end":{"line":30,"column":42}},"30":{"start":{"line":31,"column":0},"end":{"line":31,"column":12}},"31":{"start":{"line":32,"column":0},"end":{"line":32,"column":14}},"32":{"start":{"line":33,"column":0},"end":{"line":33,"column":13}},"33":{"start":{"line":34,"column":0},"end":{"line":34,"column":22}},"34":{"start":{"line":35,"column":0},"end":{"line":35,"column":16}},"35":{"start":{"line":36,"column":0},"end":{"line":36,"column":26}},"36":{"start":{"line":37,"column":0},"end":{"line":37,"column":62}},"37":{"start":{"line":38,"column":0},"end":{"line":38,"column":43}},"38":{"start":{"line":39,"column":0},"end":{"line":39,"column":12}},"39":{"start":{"line":40,"column":0},"end":{"line":40,"column":14}},"40":{"start":{"line":41,"column":0},"end":{"line":41,"column":13}},"41":{"start":{"line":42,"column":0},"end":{"line":42,"column":19}},"42":{"start":{"line":43,"column":0},"end":{"line":43,"column":16}},"43":{"start":{"line":44,"column":0},"end":{"line":44,"column":23}},"44":{"start":{"line":45,"column":0},"end":{"line":45,"column":59}},"45":{"start":{"line":46,"column":0},"end":{"line":46,"column":40}},"46":{"start":{"line":47,"column":0},"end":{"line":47,"column":12}},"47":{"start":{"line":48,"column":0},"end":{"line":48,"column":14}},"48":{"start":{"line":49,"column":0},"end":{"line":49,"column":13}},"49":{"start":{"line":50,"column":0},"end":{"line":50,"column":44}},"50":{"start":{"line":51,"column":0},"end":{"line":51,"column":14}},"51":{"start":{"line":52,"column":0},"end":{"line":52,"column":13}},"52":{"start":{"line":53,"column":0},"end":{"line":53,"column":7}},"54":{"start":{"line":55,"column":0},"end":{"line":55,"column":1}}},"s":{"0":1,"3":30,"4":30,"5":30,"6":30,"8":30,"9":30,"10":30,"12":30,"13":1,"14":1,"15":1,"16":1,"17":1,"18":1,"20":30,"21":30,"22":30,"23":30,"24":30,"25":30,"26":30,"27":30,"28":30,"29":30,"30":30,"31":30,"32":30,"33":30,"34":30,"35":30,"36":30,"37":30,"38":30,"39":30,"40":30,"41":30,"42":30,"43":30,"44":30,"45":30,"46":30,"47":30,"48":30,"49":30,"50":30,"51":30,"52":30,"54":30},"branchMap":{"0":{"type":"branch","line":4,"loc":{"start":{"line":4,"column":0},"end":{"line":55,"column":1}},"locations":[{"start":{"line":4,"column":0},"end":{"line":55,"column":1}}]},"1":{"type":"branch","line":13,"loc":{"start":{"line":13,"column":18},"end":{"line":19,"column":3}},"locations":[{"start":{"line":13,"column":18},"end":{"line":19,"column":3}}]},"2":{"type":"branch","line":29,"loc":{"start":{"line":29,"column":22},"end":{"line":29,"column":61}},"locations":[{"start":{"line":29,"column":22},"end":{"line":29,"column":61}}]},"3":{"type":"branch","line":37,"loc":{"start":{"line":37,"column":22},"end":{"line":37,"column":62}},"locations":[{"start":{"line":37,"column":22},"end":{"line":37,"column":62}}]},"4":{"type":"branch","line":45,"loc":{"start":{"line":45,"column":22},"end":{"line":45,"column":59}},"locations":[{"start":{"line":45,"column":22},"end":{"line":45,"column":59}}]}},"b":{"0":[30],"1":[1],"2":[10],"3":[11],"4":[7]},"fnMap":{"0":{"name":"BlogForm","decl":{"start":{"line":4,"column":0},"end":{"line":55,"column":1}},"loc":{"start":{"line":4,"column":0},"end":{"line":55,"column":1}},"line":4},"1":{"name":"addBlog","decl":{"start":{"line":13,"column":18},"end":{"line":19,"column":3}},"loc":{"start":{"line":13,"column":18},"end":{"line":19,"column":3}},"line":13},"2":{"name":"onChange","decl":{"start":{"line":29,"column":22},"end":{"line":29,"column":61}},"loc":{"start":{"line":29,"column":22},"end":{"line":29,"column":61}},"line":29},"3":{"name":"onChange","decl":{"start":{"line":37,"column":22},"end":{"line":37,"column":62}},"loc":{"start":{"line":37,"column":22},"end":{"line":37,"column":62}},"line":37},"4":{"name":"onChange","decl":{"start":{"line":45,"column":22},"end":{"line":45,"column":59}},"loc":{"start":{"line":45,"column":22},"end":{"line":45,"column":59}},"line":45}},"f":{"0":30,"1":1,"2":10,"3":11,"4":7}}
,"C:\\Users\\FLIPC\\Downloads\\fullstackorg\\react\\part1\\src\\components\\Course.jsx": {"path":"C:\\Users\\FLIPC\\Downloads\\fullstackorg\\react\\part1\\src\\components\\Course.jsx","all":true,"statementMap":{"0":{"start":{"line":1,"column":0},"end":{"line":1,"column":29}},"1":{"start":{"line":2,"column":0},"end":{"line":2,"column":28}},"2":{"start":{"line":3,"column":0},"end":{"line":3,"column":3}},"5":{"start":{"line":6,"column":0},"end":{"line":6,"column":24}},"6":{"start":{"line":7,"column":0},"end":{"line":7,"column":44}},"7":{"start":{"line":8,"column":0},"end":{"line":8,"column":3}},"9":{"start":{"line":10,"column":0},"end":{"line":10,"column":31}},"10":{"start":{"line":11,"column":0},"end":{"line":11,"column":14}},"11":{"start":{"line":12,"column":0},"end":{"line":12,"column":24}},"13":{"start":{"line":14,"column":0},"end":{"line":14,"column":27}},"14":{"start":{"line":15,"column":0},"end":{"line":15,"column":29}},"15":{"start":{"line":16,"column":0},"end":{"line":16,"column":12}},"16":{"start":{"line":17,"column":0},"end":{"line":17,"column":8}},"17":{"start":{"line":18,"column":0},"end":{"line":18,"column":7}},"19":{"start":{"line":20,"column":0},"end":{"line":20,"column":3}},"21":{"start":{"line":22,"column":0},"end":{"line":22,"column":29}},"22":{"start":{"line":23,"column":0},"end":{"line":23,"column":17}},"23":{"start":{"line":24,"column":0},"end":{"line":24,"column":74}},"24":{"start":{"line":25,"column":0},"end":{"line":25,"column":36}},"25":{"start":{"line":26,"column":0},"end":{"line":26,"column":3}},"27":{"start":{"line":28,"column":0},"end":{"line":28,"column":43}},"28":{"start":{"line":29,"column":0},"end":{"line":29,"column":12}},"29":{"start":{"line":30,"column":0},"end":{"line":30,"column":4}},"30":{"start":{"line":31,"column":0},"end":{"line":31,"column":37}},"31":{"start":{"line":32,"column":0},"end":{"line":32,"column":38}},"32":{"start":{"line":33,"column":0},"end":{"line":33,"column":36}},"33":{"start":{"line":34,"column":0},"end":{"line":34,"column":9}},"35":{"start":{"line":36,"column":0},"end":{"line":36,"column":3}}},"s":{"0":0,"1":0,"2":0,"5":0,"6":0,"7":0,"9":0,"10":0,"11":0,"13":0,"14":0,"15":0,"16":0,"17":0,"19":0,"21":0,"22":0,"23":0,"24":0,"25":0,"27":0,"28":0,"29":0,"30":0,"31":0,"32":0,"33":0,"35":0},"branchMap":{"0":{"type":"branch","line":1,"loc":{"start":{"line":1,"column":0},"end":{"line":36,"column":-603}},"locations":[{"start":{"line":1,"column":0},"end":{"line":36,"column":-603}}]}},"b":{"0":[0]},"fnMap":{"0":{"name":"(empty-report)","decl":{"start":{"line":1,"column":0},"end":{"line":36,"column":-603}},"loc":{"start":{"line":1,"column":0},"end":{"line":36,"column":-603}},"line":1}},"f":{"0":0}}
,"C:\\Users\\FLIPC\\Downloads\\fullstackorg\\react\\part1\\src\\components\\LoginForm.jsx": {"path":"C:\\Users\\FLIPC\\Downloads\\fullstackorg\\react\\part1\\src\\components\\LoginForm.jsx","all":true,"statementMap":{"0":{"start":{"line":1,"column":0},"end":{"line":1,"column":33}},"3":{"start":{"line":4,"column":0},"end":{"line":4,"column":52}},"4":{"start":{"line":5,"column":0},"end":{"line":5,"column":47}},"5":{"start":{"line":6,"column":0},"end":{"line":6,"column":47}},"7":{"start":{"line":8,"column":0},"end":{"line":8,"column":28}},"8":{"start":{"line":9,"column":0},"end":{"line":9,"column":27}},"9":{"start":{"line":10,"column":0},"end":{"line":10,"column":36}},"10":{"start":{"line":11,"column":0},"end":{"line":11,"column":20}},"11":{"start":{"line":12,"column":0},"end":{"line":12,"column":20}},"12":{"start":{"line":13,"column":0},"end":{"line":13,"column":4}},"14":{"start":{"line":15,"column":0},"end":{"line":15,"column":25}},"15":{"start":{"line":16,"column":0},"end":{"line":16,"column":44}},"16":{"start":{"line":17,"column":0},"end":{"line":17,"column":52}},"17":{"start":{"line":18,"column":0},"end":{"line":18,"column":52}},"18":{"start":{"line":19,"column":0},"end":{"line":19,"column":42}},"19":{"start":{"line":20,"column":0},"end":{"line":20,"column":42}},"20":{"start":{"line":21,"column":0},"end":{"line":21,"column":4}},"22":{"start":{"line":23,"column":0},"end":{"line":23,"column":10}},"23":{"start":{"line":24,"column":0},"end":{"line":24,"column":6}},"24":{"start":{"line":25,"column":0},"end":{"line":25,"column":20}},"25":{"start":{"line":26,"column":0},"end":{"line":26,"column":29}},"26":{"start":{"line":27,"column":0},"end":{"line":27,"column":13}},"28":{"start":{"line":29,"column":0},"end":{"line":29,"column":16}},"29":{"start":{"line":30,"column":0},"end":{"line":30,"column":23}},"30":{"start":{"line":31,"column":0},"end":{"line":31,"column":28}},"31":{"start":{"line":32,"column":0},"end":{"line":32,"column":27}},"32":{"start":{"line":33,"column":0},"end":{"line":33,"column":64}},"33":{"start":{"line":34,"column":0},"end":{"line":34,"column":12}},"34":{"start":{"line":35,"column":0},"end":{"line":35,"column":14}},"35":{"start":{"line":36,"column":0},"end":{"line":36,"column":13}},"37":{"start":{"line":38,"column":0},"end":{"line":38,"column":16}},"38":{"start":{"line":39,"column":0},"end":{"line":39,"column":27}},"39":{"start":{"line":40,"column":0},"end":{"line":40,"column":28}},"40":{"start":{"line":41,"column":0},"end":{"line":41,"column":27}},"41":{"start":{"line":42,"column":0},"end":{"line":42,"column":64}},"42":{"start":{"line":43,"column":0},"end":{"line":43,"column":12}},"43":{"start":{"line":44,"column":0},"end":{"line":44,"column":14}},"44":{"start":{"line":45,"column":0},"end":{"line":45,"column":44}},"45":{"start":{"line":46,"column":0},"end":{"line":46,"column":13}},"46":{"start":{"line":47,"column":0},"end":{"line":47,"column":7}},"48":{"start":{"line":49,"column":0},"end":{"line":49,"column":1}}},"s":{"0":0,"3":0,"4":0,"5":0,"7":0,"8":0,"9":0,"10":0,"11":0,"12":0,"14":0,"15":0,"16":0,"17":0,"18":0,"19":0,"20":0,"22":0,"23":0,"24":0,"25":0,"26":0,"28":0,"29":0,"30":0,"31":0,"32":0,"33":0,"34":0,"35":0,"37":0,"38":0,"39":0,"40":0,"41":0,"42":0,"43":0,"44":0,"45":0,"46":0,"48":0},"branchMap":{"0":{"type":"branch","line":1,"loc":{"start":{"line":1,"column":0},"end":{"line":49,"column":-592}},"locations":[{"start":{"line":1,"column":0},"end":{"line":49,"column":-592}}]}},"b":{"0":[0]},"fnMap":{"0":{"name":"(empty-report)","decl":{"start":{"line":1,"column":0},"end":{"line":49,"column":-592}},"loc":{"start":{"line":1,"column":0},"end":{"line":49,"column":-592}},"line":1}},"f":{"0":0}}
,"C:\\Users\\FLIPC\\Downloads\\fullstackorg\\react\\part1\\src\\components\\Note.jsx": {"path":"C:\\Users\\FLIPC\\Downloads\\fullstackorg\\react\\part1\\src\\components\\Note.jsx","all":true,"statementMap":{"0":{"start":{"line":1,"column":0},"end":{"line":1,"column":28}},"1":{"start":{"line":2,"column":0},"end":{"line":2,"column":12}},"2":{"start":{"line":3,"column":0},"end":{"line":3,"column":29}},"4":{"start":{"line":5,"column":0},"end":{"line":5,"column":3}},"6":{"start":{"line":7,"column":0},"end":{"line":7,"column":21}}},"s":{"0":0,"1":0,"2":0,"4":0,"6":0},"branchMap":{"0":{"type":"branch","line":1,"loc":{"start":{"line":1,"column":0},"end":{"line":7,"column":-40}},"locations":[{"start":{"line":1,"column":0},"end":{"line":7,"column":-40}}]}},"b":{"0":[0]},"fnMap":{"0":{"name":"(empty-report)","decl":{"start":{"line":1,"column":0},"end":{"line":7,"column":-40}},"loc":{"start":{"line":1,"column":0},"end":{"line":7,"column":-40}},"line":1}},"f":{"0":0}}
,"C:\\Users\\FLIPC\\Downloads\\fullstackorg\\react\\part1\\src\\components\\Notification.jsx": {"path":"C:\\Users\\FLIPC\\Downloads\\fullstackorg\\react\\part1\\src\\components\\Notification.jsx","all":true,"statementMap":{"0":{"start":{"line":1,"column":0},"end":{"line":1,"column":53}},"2":{"start":{"line":3,"column":0},"end":{"line":3,"column":31}},"3":{"start":{"line":4,"column":0},"end":{"line":4,"column":23}},"4":{"start":{"line":5,"column":0},"end":{"line":5,"column":32}},"5":{"start":{"line":6,"column":0},"end":{"line":6,"column":21}},"6":{"start":{"line":7,"column":0},"end":{"line":7,"column":29}},"7":{"start":{"line":8,"column":0},"end":{"line":8,"column":24}},"8":{"start":{"line":9,"column":0},"end":{"line":9,"column":20}},"9":{"start":{"line":10,"column":0},"end":{"line":10,"column":25}},"10":{"start":{"line":11,"column":0},"end":{"line":11,"column":5}},"13":{"start":{"line":14,"column":0},"end":{"line":14,"column":38}},"14":{"start":{"line":15,"column":0},"end":{"line":15,"column":47}},"15":{"start":{"line":16,"column":0},"end":{"line":16,"column":5}},"17":{"start":{"line":18,"column":0},"end":{"line":18,"column":27}},"18":{"start":{"line":19,"column":0},"end":{"line":19,"column":17}},"19":{"start":{"line":20,"column":0},"end":{"line":20,"column":5}},"21":{"start":{"line":22,"column":0},"end":{"line":22,"column":12}},"22":{"start":{"line":23,"column":0},"end":{"line":23,"column":44}},"23":{"start":{"line":24,"column":0},"end":{"line":24,"column":17}},"24":{"start":{"line":25,"column":0},"end":{"line":25,"column":12}},"26":{"start":{"line":27,"column":0},"end":{"line":27,"column":3}},"28":{"start":{"line":29,"column":0},"end":{"line":29,"column":27}}},"s":{"0":0,"2":0,"3":0,"4":0,"5":0,"6":0,"7":0,"8":0,"9":0,"10":0,"13":0,"14":0,"15":0,"17":0,"18":0,"19":0,"21":0,"22":0,"23":0,"24":0,"26":0,"28":0},"branchMap":{"0":{"type":"branch","line":1,"loc":{"start":{"line":1,"column":0},"end":{"line":29,"column":-49}},"locations":[{"start":{"line":1,"column":0},"end":{"line":29,"column":-49}}]}},"b":{"0":[0]},"fnMap":{"0":{"name":"(empty-report)","decl":{"start":{"line":1,"column":0},"end":{"line":29,"column":-49}},"loc":{"start":{"line":1,"column":0},"end":{"line":29,"column":-49}},"line":1}},"f":{"0":0}}
,"C:\\Users\\FLIPC\\Downloads\\fullstackorg\\react\\part1\\src\\components\\Person.jsx": {"path":"C:\\Users\\FLIPC\\Downloads\\fullstackorg\\react\\part1\\src\\components\\Person.jsx","all":true,"statementMap":{"0":{"start":{"line":1,"column":0},"end":{"line":1,"column":61}},"1":{"start":{"line":2,"column":0},"end":{"line":2,"column":12}},"2":{"start":{"line":3,"column":0},"end":{"line":3,"column":10}},"3":{"start":{"line":4,"column":0},"end":{"line":4,"column":93}},"4":{"start":{"line":5,"column":0},"end":{"line":5,"column":11}},"6":{"start":{"line":7,"column":0},"end":{"line":7,"column":1}}},"s":{"0":0,"1":0,"2":0,"3":0,"4":0,"6":0},"branchMap":{"0":{"type":"branch","line":1,"loc":{"start":{"line":1,"column":0},"end":{"line":7,"column":-124}},"locations":[{"start":{"line":1,"column":0},"end":{"line":7,"column":-124}}]}},"b":{"0":[0]},"fnMap":{"0":{"name":"(empty-report)","decl":{"start":{"line":1,"column":0},"end":{"line":7,"column":-124}},"loc":{"start":{"line":1,"column":0},"end":{"line":7,"column":-124}},"line":1}},"f":{"0":0}}
,"C:\\Users\\FLIPC\\Downloads\\fullstackorg\\react\\part1\\src\\components\\PersonForm.jsx": {"path":"C:\\Users\\FLIPC\\Downloads\\fullstackorg\\react\\part1\\src\\components\\PersonForm.jsx","all":true,"statementMap":{"0":{"start":{"line":1,"column":0},"end":{"line":1,"column":103}},"1":{"start":{"line":2,"column":0},"end":{"line":2,"column":12}},"2":{"start":{"line":3,"column":0},"end":{"line":3,"column":38}},"3":{"start":{"line":4,"column":0},"end":{"line":4,"column":13}},"4":{"start":{"line":5,"column":0},"end":{"line":5,"column":66}},"5":{"start":{"line":6,"column":0},"end":{"line":6,"column":14}},"6":{"start":{"line":7,"column":0},"end":{"line":7,"column":80}},"7":{"start":{"line":8,"column":0},"end":{"line":8,"column":13}},"8":{"start":{"line":9,"column":0},"end":{"line":9,"column":44}},"9":{"start":{"line":10,"column":0},"end":{"line":10,"column":14}},"10":{"start":{"line":11,"column":0},"end":{"line":11,"column":13}},"12":{"start":{"line":13,"column":0},"end":{"line":13,"column":1}}},"s":{"0":0,"1":0,"2":0,"3":0,"4":0,"5":0,"6":0,"7":0,"8":0,"9":0,"10":0,"12":0},"branchMap":{"0":{"type":"branch","line":1,"loc":{"start":{"line":1,"column":0},"end":{"line":13,"column":-248}},"locations":[{"start":{"line":1,"column":0},"end":{"line":13,"column":-248}}]}},"b":{"0":[0]},"fnMap":{"0":{"name":"(empty-report)","decl":{"start":{"line":1,"column":0},"end":{"line":13,"column":-248}},"loc":{"start":{"line":1,"column":0},"end":{"line":13,"column":-248}},"line":1}},"f":{"0":0}}
,"C:\\Users\\FLIPC\\Downloads\\fullstackorg\\react\\part1\\src\\components\\PersonList.jsx": {"path":"C:\\Users\\FLIPC\\Downloads\\fullstackorg\\react\\part1\\src\\components\\PersonList.jsx","all":true,"statementMap":{"0":{"start":{"line":1,"column":0},"end":{"line":1,"column":30}},"2":{"start":{"line":3,"column":0},"end":{"line":3,"column":56}},"3":{"start":{"line":4,"column":0},"end":{"line":4,"column":12}},"4":{"start":{"line":5,"column":0},"end":{"line":5,"column":10}},"5":{"start":{"line":6,"column":0},"end":{"line":6,"column":136}},"6":{"start":{"line":7,"column":0},"end":{"line":7,"column":11}},"8":{"start":{"line":9,"column":0},"end":{"line":9,"column":1}}},"s":{"0":0,"2":0,"3":0,"4":0,"5":0,"6":0,"8":0},"branchMap":{"0":{"type":"branch","line":1,"loc":{"start":{"line":1,"column":0},"end":{"line":9,"column":-194}},"locations":[{"start":{"line":1,"column":0},"end":{"line":9,"column":-194}}]}},"b":{"0":[0]},"fnMap":{"0":{"name":"(empty-report)","decl":{"start":{"line":1,"column":0},"end":{"line":9,"column":-194}},"loc":{"start":{"line":1,"column":0},"end":{"line":9,"column":-194}},"line":1}},"f":{"0":0}}
,"C:\\Users\\FLIPC\\Downloads\\fullstackorg\\react\\part1\\src\\components\\SearchFilter.jsx": {"path":"C:\\Users\\FLIPC\\Downloads\\fullstackorg\\react\\part1\\src\\components\\SearchFilter.jsx","all":true,"statementMap":{"0":{"start":{"line":1,"column":0},"end":{"line":1,"column":56}},"1":{"start":{"line":2,"column":0},"end":{"line":2,"column":12}},"2":{"start":{"line":3,"column":0},"end":{"line":3,"column":10}},"3":{"start":{"line":4,"column":0},"end":{"line":4,"column":71}},"4":{"start":{"line":5,"column":0},"end":{"line":5,"column":11}},"6":{"start":{"line":7,"column":0},"end":{"line":7,"column":1}}},"s":{"0":0,"1":0,"2":0,"3":0,"4":0,"6":0},"branchMap":{"0":{"type":"branch","line":1,"loc":{"start":{"line":1,"column":0},"end":{"line":7,"column":-102}},"locations":[{"start":{"line":1,"column":0},"end":{"line":7,"column":-102}}]}},"b":{"0":[0]},"fnMap":{"0":{"name":"(empty-report)","decl":{"start":{"line":1,"column":0},"end":{"line":7,"column":-102}},"loc":{"start":{"line":1,"column":0},"end":{"line":7,"column":-102}},"line":1}},"f":{"0":0}}
,"C:\\Users\\FLIPC\\Downloads\\fullstackorg\\react\\part1\\src\\components\\SortButton.jsx": {"path":"C:\\Users\\FLIPC\\Downloads\\fullstackorg\\react\\part1\\src\\components\\SortButton.jsx","all":true,"statementMap":{"0":{"start":{"line":1,"column":0},"end":{"line":1,"column":65}},"1":{"start":{"line":2,"column":0},"end":{"line":2,"column":34}},"3":{"start":{"line":4,"column":0},"end":{"line":4,"column":40}},"4":{"start":{"line":5,"column":0},"end":{"line":5,"column":43}},"6":{"start":{"line":7,"column":0},"end":{"line":7,"column":26}},"7":{"start":{"line":8,"column":0},"end":{"line":8,"column":42}},"8":{"start":{"line":9,"column":0},"end":{"line":9,"column":3}},"10":{"start":{"line":11,"column":0},"end":{"line":11,"column":29}},"11":{"start":{"line":12,"column":0},"end":{"line":12,"column":53}},"12":{"start":{"line":13,"column":0},"end":{"line":13,"column":22}},"13":{"start":{"line":14,"column":0},"end":{"line":14,"column":24}},"14":{"start":{"line":15,"column":0},"end":{"line":15,"column":3}},"16":{"start":{"line":17,"column":0},"end":{"line":17,"column":76}},"17":{"start":{"line":18,"column":0},"end":{"line":18,"column":1}},"19":{"start":{"line":20,"column":0},"end":{"line":20,"column":25}}},"s":{"0":0,"1":0,"3":0,"4":0,"6":0,"7":0,"8":0,"10":0,"11":0,"12":0,"13":0,"14":0,"16":0,"17":0,"19":0},"branchMap":{"0":{"type":"branch","line":1,"loc":{"start":{"line":1,"column":0},"end":{"line":20,"column":-251}},"locations":[{"start":{"line":1,"column":0},"end":{"line":20,"column":-251}}]}},"b":{"0":[0]},"fnMap":{"0":{"name":"(empty-report)","decl":{"start":{"line":1,"column":0},"end":{"line":20,"column":-251}},"loc":{"start":{"line":1,"column":0},"end":{"line":20,"column":-251}},"line":1}},"f":{"0":0}}
,"C:\\Users\\FLIPC\\Downloads\\fullstackorg\\react\\part1\\src\\components\\Toggable.jsx": {"path":"C:\\Users\\FLIPC\\Downloads\\fullstackorg\\react\\part1\\src\\components\\Toggable.jsx","all":false,"statementMap":{"0":{"start":{"line":1,"column":0},"end":{"line":1,"column":65}},"1":{"start":{"line":2,"column":0},"end":{"line":2,"column":34}},"3":{"start":{"line":4,"column":0},"end":{"line":4,"column":47}},"4":{"start":{"line":5,"column":0},"end":{"line":5,"column":47}},"6":{"start":{"line":7,"column":0},"end":{"line":7,"column":60}},"7":{"start":{"line":8,"column":0},"end":{"line":8,"column":60}},"9":{"start":{"line":10,"column":0},"end":{"line":10,"column":34}},"10":{"start":{"line":11,"column":0},"end":{"line":11,"column":24}},"11":{"start":{"line":12,"column":0},"end":{"line":12,"column":3}},"13":{"start":{"line":14,"column":0},"end":{"line":14,"column":35}},"14":{"start":{"line":15,"column":0},"end":{"line":15,"column":12}},"15":{"start":{"line":16,"column":0},"end":{"line":16,"column":23}},"16":{"start":{"line":17,"column":0},"end":{"line":17,"column":5}},"17":{"start":{"line":18,"column":0},"end":{"line":18,"column":4}},"19":{"start":{"line":20,"column":0},"end":{"line":20,"column":25}},"20":{"start":{"line":21,"column":0},"end":{"line":21,"column":45}},"21":{"start":{"line":22,"column":0},"end":{"line":22,"column":3}},"23":{"start":{"line":24,"column":0},"end":{"line":24,"column":37}},"25":{"start":{"line":26,"column":0},"end":{"line":26,"column":10}},"26":{"start":{"line":27,"column":0},"end":{"line":27,"column":9}},"27":{"start":{"line":28,"column":0},"end":{"line":28,"column":35}},"28":{"start":{"line":29,"column":0},"end":{"line":29,"column":71}},"29":{"start":{"line":30,"column":0},"end":{"line":30,"column":12}},"30":{"start":{"line":31,"column":0},"end":{"line":31,"column":64}},"31":{"start":{"line":32,"column":0},"end":{"line":32,"column":24}},"32":{"start":{"line":33,"column":0},"end":{"line":33,"column":58}},"33":{"start":{"line":34,"column":0},"end":{"line":34,"column":12}},"34":{"start":{"line":35,"column":0},"end":{"line":35,"column":10}},"36":{"start":{"line":37,"column":0},"end":{"line":37,"column":2}},"38":{"start":{"line":39,"column":0},"end":{"line":39,"column":24}}},"s":{"0":1,"1":1,"3":1,"4":7,"6":7,"7":7,"9":7,"10":3,"11":3,"13":7,"14":0,"15":0,"16":0,"17":7,"19":7,"20":7,"21":7,"23":7,"25":7,"26":7,"27":7,"28":7,"29":7,"30":7,"31":7,"32":7,"33":7,"34":7,"36":7,"38":1},"branchMap":{"0":{"type":"branch","line":4,"loc":{"start":{"line":4,"column":29},"end":{"line":37,"column":2}},"locations":[{"start":{"line":4,"column":29},"end":{"line":37,"column":2}}]},"1":{"type":"branch","line":7,"loc":{"start":{"line":7,"column":37},"end":{"line":7,"column":56}},"locations":[{"start":{"line":7,"column":37},"end":{"line":7,"column":56}}]},"2":{"type":"branch","line":7,"loc":{"start":{"line":7,"column":47},"end":{"line":7,"column":59}},"locations":[{"start":{"line":7,"column":47},"end":{"line":7,"column":59}}]},"3":{"type":"branch","line":8,"loc":{"start":{"line":8,"column":37},"end":{"line":8,"column":52}},"locations":[{"start":{"line":8,"column":37},"end":{"line":8,"column":52}}]},"4":{"type":"branch","line":8,"loc":{"start":{"line":8,"column":47},"end":{"line":8,"column":59}},"locations":[{"start":{"line":8,"column":47},"end":{"line":8,"column":59}}]},"5":{"type":"branch","line":10,"loc":{"start":{"line":10,"column":27},"end":{"line":12,"column":3}},"locations":[{"start":{"line":10,"column":27},"end":{"line":12,"column":3}}]}},"b":{"0":[7],"1":[2],"2":[5],"3":[2],"4":[5],"5":[3]},"fnMap":{"0":{"name":"toggleVisibility","decl":{"start":{"line":10,"column":27},"end":{"line":12,"column":3}},"loc":{"start":{"line":10,"column":27},"end":{"line":12,"column":3}},"line":10}},"f":{"0":3}}
,"C:\\Users\\FLIPC\\Downloads\\fullstackorg\\react\\part1\\src\\services\\BlogService.js": {"path":"C:\\Users\\FLIPC\\Downloads\\fullstackorg\\react\\part1\\src\\services\\BlogService.js","all":true,"statementMap":{"0":{"start":{"line":1,"column":0},"end":{"line":1,"column":25}},"1":{"start":{"line":2,"column":0},"end":{"line":2,"column":28}},"2":{"start":{"line":3,"column":0},"end":{"line":3,"column":0}},"3":{"start":{"line":4,"column":0},"end":{"line":4,"column":16}},"4":{"start":{"line":5,"column":0},"end":{"line":5,"column":0}},"5":{"start":{"line":6,"column":0},"end":{"line":6,"column":30}},"6":{"start":{"line":7,"column":0},"end":{"line":7,"column":30}},"7":{"start":{"line":8,"column":0},"end":{"line":8,"column":1}},"8":{"start":{"line":9,"column":0},"end":{"line":9,"column":0}},"9":{"start":{"line":10,"column":0},"end":{"line":10,"column":28}},"10":{"start":{"line":11,"column":0},"end":{"line":11,"column":33}},"11":{"start":{"line":12,"column":0},"end":{"line":12,"column":1}},"12":{"start":{"line":13,"column":0},"end":{"line":13,"column":0}},"13":{"start":{"line":14,"column":0},"end":{"line":14,"column":35}},"14":{"start":{"line":15,"column":0},"end":{"line":15,"column":20}},"15":{"start":{"line":16,"column":0},"end":{"line":16,"column":40}},"16":{"start":{"line":17,"column":0},"end":{"line":17,"column":5}},"17":{"start":{"line":18,"column":0},"end":{"line":18,"column":55}},"18":{"start":{"line":19,"column":0},"end":{"line":19,"column":3}},"19":{"start":{"line":20,"column":0},"end":{"line":20,"column":0}},"20":{"start":{"line":21,"column":0},"end":{"line":21,"column":2}},"21":{"start":{"line":22,"column":0},"end":{"line":22,"column":41}},"22":{"start":{"line":23,"column":0},"end":{"line":23,"column":18}},"23":{"start":{"line":24,"column":0},"end":{"line":24,"column":38}},"24":{"start":{"line":25,"column":0},"end":{"line":25,"column":3}},"25":{"start":{"line":26,"column":0},"end":{"line":26,"column":73}},"26":{"start":{"line":27,"column":0},"end":{"line":27,"column":17}},"27":{"start":{"line":28,"column":0},"end":{"line":28,"column":1}},"28":{"start":{"line":29,"column":0},"end":{"line":29,"column":0}},"29":{"start":{"line":30,"column":0},"end":{"line":30,"column":34}},"30":{"start":{"line":31,"column":0},"end":{"line":31,"column":18}},"31":{"start":{"line":32,"column":0},"end":{"line":32,"column":38}},"32":{"start":{"line":33,"column":0},"end":{"line":33,"column":3}},"33":{"start":{"line":34,"column":0},"end":{"line":34,"column":0}},"34":{"start":{"line":35,"column":0},"end":{"line":35,"column":65}},"35":{"start":{"line":36,"column":0},"end":{"line":36,"column":17}},"36":{"start":{"line":37,"column":0},"end":{"line":37,"column":1}},"37":{"start":{"line":38,"column":0},"end":{"line":38,"column":0}},"38":{"start":{"line":39,"column":0},"end":{"line":39,"column":63}}},"s":{"0":0,"1":0,"2":0,"3":0,"4":0,"5":0,"6":0,"7":0,"8":0,"9":0,"10":0,"11":0,"12":0,"13":0,"14":0,"15":0,"16":0,"17":0,"18":0,"19":0,"20":0,"21":0,"22":0,"23":0,"24":0,"25":0,"26":0,"27":0,"28":0,"29":0,"30":0,"31":0,"32":0,"33":0,"34":0,"35":0,"36":0,"37":0,"38":0},"branchMap":{"0":{"type":"branch","line":1,"loc":{"start":{"line":1,"column":0},"end":{"line":39,"column":-75}},"locations":[{"start":{"line":1,"column":0},"end":{"line":39,"column":-75}}]}},"b":{"0":[0]},"fnMap":{"0":{"name":"(empty-report)","decl":{"start":{"line":1,"column":0},"end":{"line":39,"column":-75}},"loc":{"start":{"line":1,"column":0},"end":{"line":39,"column":-75}},"line":1}},"f":{"0":0}}
,"C:\\Users\\FLIPC\\Downloads\\fullstackorg\\react\\part1\\src\\services\\CountryService.js": {"path":"C:\\Users\\FLIPC\\Downloads\\fullstackorg\\react\\part1\\src\\services\\CountryService.js","all":true,"statementMap":{"0":{"start":{"line":1,"column":0},"end":{"line":1,"column":25}},"1":{"start":{"line":2,"column":0},"end":{"line":2,"column":63}},"2":{"start":{"line":3,"column":0},"end":{"line":3,"column":0}},"3":{"start":{"line":4,"column":0},"end":{"line":4,"column":22}},"4":{"start":{"line":5,"column":0},"end":{"line":5,"column":40}},"5":{"start":{"line":6,"column":0},"end":{"line":6,"column":1}},"6":{"start":{"line":7,"column":0},"end":{"line":7,"column":0}},"7":{"start":{"line":8,"column":0},"end":{"line":8,"column":26}},"8":{"start":{"line":9,"column":0},"end":{"line":9,"column":49}},"9":{"start":{"line":10,"column":0},"end":{"line":10,"column":1}},"10":{"start":{"line":11,"column":0},"end":{"line":11,"column":0}},"11":{"start":{"line":12,"column":0},"end":{"line":12,"column":33}}},"s":{"0":0,"1":0,"2":0,"3":0,"4":0,"5":0,"6":0,"7":0,"8":0,"9":0,"10":0,"11":0},"branchMap":{"0":{"type":"branch","line":1,"loc":{"start":{"line":1,"column":0},"end":{"line":12,"column":-63}},"locations":[{"start":{"line":1,"column":0},"end":{"line":12,"column":-63}}]}},"b":{"0":[0]},"fnMap":{"0":{"name":"(empty-report)","decl":{"start":{"line":1,"column":0},"end":{"line":12,"column":-63}},"loc":{"start":{"line":1,"column":0},"end":{"line":12,"column":-63}},"line":1}},"f":{"0":0}}
,"C:\\Users\\FLIPC\\Downloads\\fullstackorg\\react\\part1\\src\\services\\LoginService.js": {"path":"C:\\Users\\FLIPC\\Downloads\\fullstackorg\\react\\part1\\src\\services\\LoginService.js","all":true,"statementMap":{"0":{"start":{"line":1,"column":0},"end":{"line":1,"column":25}},"1":{"start":{"line":2,"column":0},"end":{"line":2,"column":28}},"2":{"start":{"line":3,"column":0},"end":{"line":3,"column":0}},"3":{"start":{"line":4,"column":0},"end":{"line":4,"column":36}},"4":{"start":{"line":5,"column":0},"end":{"line":5,"column":57}},"5":{"start":{"line":6,"column":0},"end":{"line":6,"column":22}},"6":{"start":{"line":7,"column":0},"end":{"line":7,"column":1}},"7":{"start":{"line":8,"column":0},"end":{"line":8,"column":0}},"8":{"start":{"line":9,"column":0},"end":{"line":9,"column":24}}},"s":{"0":0,"1":0,"2":0,"3":0,"4":0,"5":0,"6":0,"7":0,"8":0},"branchMap":{"0":{"type":"branch","line":1,"loc":{"start":{"line":1,"column":0},"end":{"line":9,"column":-58}},"locations":[{"start":{"line":1,"column":0},"end":{"line":9,"column":-58}}]}},"b":{"0":[0]},"fnMap":{"0":{"name":"(empty-report)","decl":{"start":{"line":1,"column":0},"end":{"line":9,"column":-58}},"loc":{"start":{"line":1,"column":0},"end":{"line":9,"column":-58}},"line":1}},"f":{"0":0}}
,"C:\\Users\\FLIPC\\Downloads\\fullstackorg\\react\\part1\\src\\services\\PhonebookService.js": {"path":"C:\\Users\\FLIPC\\Downloads\\fullstackorg\\react\\part1\\src\\services\\PhonebookService.js","all":true,"statementMap":{"0":{"start":{"line":1,"column":0},"end":{"line":1,"column":25}},"1":{"start":{"line":2,"column":0},"end":{"line":2,"column":30}},"2":{"start":{"line":3,"column":0},"end":{"line":3,"column":0}},"3":{"start":{"line":4,"column":0},"end":{"line":4,"column":16}},"4":{"start":{"line":5,"column":0},"end":{"line":5,"column":0}},"5":{"start":{"line":6,"column":0},"end":{"line":6,"column":30}},"6":{"start":{"line":7,"column":0},"end":{"line":7,"column":30}},"7":{"start":{"line":8,"column":0},"end":{"line":8,"column":1}},"8":{"start":{"line":9,"column":0},"end":{"line":9,"column":0}},"9":{"start":{"line":10,"column":0},"end":{"line":10,"column":0}},"10":{"start":{"line":11,"column":0},"end":{"line":11,"column":22}},"11":{"start":{"line":12,"column":0},"end":{"line":12,"column":27}},"12":{"start":{"line":13,"column":0},"end":{"line":13,"column":1}},"13":{"start":{"line":14,"column":0},"end":{"line":14,"column":0}},"14":{"start":{"line":15,"column":0},"end":{"line":15,"column":35}},"15":{"start":{"line":16,"column":0},"end":{"line":16,"column":18}},"16":{"start":{"line":17,"column":0},"end":{"line":17,"column":38}},"17":{"start":{"line":18,"column":0},"end":{"line":18,"column":3}},"18":{"start":{"line":19,"column":0},"end":{"line":19,"column":53}},"19":{"start":{"line":20,"column":0},"end":{"line":20,"column":1}},"20":{"start":{"line":21,"column":0},"end":{"line":21,"column":0}},"21":{"start":{"line":22,"column":0},"end":{"line":22,"column":35}},"22":{"start":{"line":23,"column":0},"end":{"line":23,"column":49}},"23":{"start":{"line":24,"column":0},"end":{"line":24,"column":1}},"24":{"start":{"line":25,"column":0},"end":{"line":25,"column":0}},"25":{"start":{"line":26,"column":0},"end":{"line":26,"column":30}},"26":{"start":{"line":27,"column":0},"end":{"line":27,"column":41}},"27":{"start":{"line":28,"column":0},"end":{"line":28,"column":1}},"28":{"start":{"line":29,"column":0},"end":{"line":29,"column":0}},"29":{"start":{"line":30,"column":0},"end":{"line":30,"column":65}}},"s":{"0":0,"1":0,"2":0,"3":0,"4":0,"5":0,"6":0,"7":0,"8":0,"9":0,"10":0,"11":0,"12":0,"13":0,"14":0,"15":0,"16":0,"17":0,"18":0,"19":0,"20":0,"21":0,"22":0,"23":0,"24":0,"25":0,"26":0,"27":0,"28":0,"29":0},"branchMap":{"0":{"type":"branch","line":1,"loc":{"start":{"line":1,"column":0},"end":{"line":30,"column":-75}},"locations":[{"start":{"line":1,"column":0},"end":{"line":30,"column":-75}}]}},"b":{"0":[0]},"fnMap":{"0":{"name":"(empty-report)","decl":{"start":{"line":1,"column":0},"end":{"line":30,"column":-75}},"loc":{"start":{"line":1,"column":0},"end":{"line":30,"column":-75}},"line":1}},"f":{"0":0}}
,"C:\\Users\\FLIPC\\Downloads\\fullstackorg\\react\\part1\\src\\services\\WeatherService.js": {"path":"C:\\Users\\FLIPC\\Downloads\\fullstackorg\\react\\part1\\src\\services\\WeatherService.js","all":true,"statementMap":{"0":{"start":{"line":1,"column":0},"end":{"line":1,"column":25}},"1":{"start":{"line":2,"column":0},"end":{"line":2,"column":64}},"2":{"start":{"line":3,"column":0},"end":{"line":3,"column":73}},"3":{"start":{"line":4,"column":0},"end":{"line":4,"column":56}},"4":{"start":{"line":5,"column":0},"end":{"line":5,"column":0}},"5":{"start":{"line":6,"column":0},"end":{"line":6,"column":38}},"6":{"start":{"line":7,"column":0},"end":{"line":7,"column":65}},"7":{"start":{"line":8,"column":0},"end":{"line":8,"column":1}},"8":{"start":{"line":9,"column":0},"end":{"line":9,"column":0}},"9":{"start":{"line":10,"column":0},"end":{"line":10,"column":34}},"10":{"start":{"line":11,"column":0},"end":{"line":11,"column":70}},"11":{"start":{"line":12,"column":0},"end":{"line":12,"column":2}},"12":{"start":{"line":13,"column":0},"end":{"line":13,"column":75}},"13":{"start":{"line":14,"column":0},"end":{"line":14,"column":1}},"14":{"start":{"line":15,"column":0},"end":{"line":15,"column":0}},"15":{"start":{"line":16,"column":0},"end":{"line":16,"column":45}}},"s":{"0":0,"1":0,"2":0,"3":0,"4":0,"5":0,"6":0,"7":0,"8":0,"9":0,"10":0,"11":0,"12":0,"13":0,"14":0,"15":0},"branchMap":{"0":{"type":"branch","line":1,"loc":{"start":{"line":1,"column":0},"end":{"line":16,"column":-68}},"locations":[{"start":{"line":1,"column":0},"end":{"line":16,"column":-68}}]}},"b":{"0":[0]},"fnMap":{"0":{"name":"(empty-report)","decl":{"start":{"line":1,"column":0},"end":{"line":16,"column":-68}},"loc":{"start":{"line":1,"column":0},"end":{"line":16,"column":-68}},"line":1}},"f":{"0":0}}
}
